\BOOKMARK [1][-]{section*.3}{\376\377\000L\036\335\000i\000\040\000c\036\243\000m\000\040\001\241\000n}{}% 1
\BOOKMARK [1][-]{section*.4}{\376\377\000M\036\345\000c\000\040\000l\036\345\000c}{}% 2
\BOOKMARK [1][-]{section*.5}{\376\377\000D\000a\000n\000h\000\040\000s\000\341\000c\000h\000\040\000h\000\354\000n\000h}{}% 3
\BOOKMARK [1][-]{section.1}{\376\377\000G\000i\036\333\000i\000\040\000t\000h\000i\036\307\000u}{}% 4
\BOOKMARK [2][-]{subsection.1.1}{\376\377\000B\036\243\000n\000g\000\040\000p\000h\000\342\000n\000\040\000c\000\364\000n\000g\000\040\000v\000\340\000\040\001\021\000\341\000n\000h\000\040\000g\000i\000\341\000\040\000t\000i\036\277\000n\000\040\001\021\036\331\000\040\000c\000\364\000n\000g\000\040\000v\000i\036\307\000c}{section.1}% 5
\BOOKMARK [2][-]{subsection.1.2}{\376\377\000S\001\241\000\040\000l\001\260\036\343\000c\000\040\000v\036\301\000\040\000c\000\342\000y\000\040\000q\000u\000y\036\277\000t\000\040\001\021\036\313\000n\000h}{section.1}% 6
\BOOKMARK [2][-]{subsection.1.3}{\376\377\000V\036\301\000\040\000t\036\255\000p\000\040\000d\036\357\000\040\000l\000i\036\307\000u\000\040\001\021\000a\000n\000g\000\040\000k\000h\036\243\000o\000\040\000s\000\341\000t}{section.1}% 7
\BOOKMARK [1][-]{section.2}{\376\377\000T\036\255\000p\000\040\000d\036\357\000\040\000l\000i\036\307\000u\000\040\000t\000h\036\351\000\040\000n\000h\036\245\000t}{}% 8
\BOOKMARK [2][-]{subsection.2.1}{\376\377\000T\000i\036\301\000n\000\040\000x\036\355\000\040\000l\000\375\000\040\000d\036\357\000\040\000l\000i\036\307\000u}{section.2}% 9
\BOOKMARK [2][-]{subsection.2.2}{\376\377\000X\000\342\000y\000\040\000d\036\361\000n\000g\000\040\000c\000\341\000c\000\040\000c\000\342\000y\000\040\000q\000u\000y\036\277\000t\000\040\001\021\036\313\000n\000h}{section.2}% 10
\BOOKMARK [2][-]{subsection.2.3}{\376\377\000P\000h\000\342\000n\000\040\000t\000\355\000c\000h\000\040\000c\000\341\000c\000\040\001\021\036\331\000\040\001\021\000o}{section.2}% 11
\BOOKMARK [1][-]{section.3}{\376\377\000T\036\255\000p\000\040\000d\036\357\000\040\000l\000i\036\307\000u\000\040\000t\000h\036\351\000\040\000h\000a\000i}{}% 12
\BOOKMARK [2][-]{subsection.3.1}{\376\377\000T\000i\036\301\000n\000\040\000x\036\355\000\040\000l\000\375\000\040\000d\036\357\000\040\000l\000i\036\307\000u}{section.3}% 13
\BOOKMARK [2][-]{subsection.3.2}{\376\377\000X\000\342\000y\000\040\000d\036\361\000n\000g\000\040\000c\000\341\000c\000\040\000c\000\342\000y\000\040\000q\000u\000y\036\277\000t\000\040\001\021\036\313\000n\000h}{section.3}% 14
\BOOKMARK [2][-]{subsection.3.3}{\376\377\000P\000h\000\342\000n\000\040\000t\000\355\000c\000h\000\040\000c\000\341\000c\000\040\001\021\036\331\000\040\001\021\000o}{section.3}% 15
\BOOKMARK [1][-]{section.4}{\376\377\000T\036\255\000p\000\040\000d\036\357\000\040\000l\000i\036\307\000u\000\040\000t\000h\036\351\000\040\000b\000a}{}% 16
\BOOKMARK [2][-]{subsection.4.1}{\376\377\000T\000i\036\301\000n\000\040\000x\036\355\000\040\000l\000\375\000\040\000d\036\357\000\040\000l\000i\036\307\000u}{section.4}% 17
\BOOKMARK [2][-]{subsection.4.2}{\376\377\000X\000\342\000y\000\040\000d\036\361\000n\000g\000\040\000c\000\341\000c\000\040\000c\000\342\000y\000\040\000q\000u\000y\036\277\000t\000\040\001\021\036\313\000n\000h}{section.4}% 18
\BOOKMARK [2][-]{subsection.4.3}{\376\377\000P\000h\000\342\000n\000\040\000t\000\355\000c\000h\000\040\000c\000\341\000c\000\040\001\021\036\331\000\040\001\021\000o}{section.4}% 19
\BOOKMARK [1][-]{section.5}{\376\377\000P\000h\000\342\000n\000\040\000t\000\355\000c\000h\000\040\001\021\036\331\000\040\000s\000\342\000u\000\040\000c\036\347\000a\000\040\000c\000\342\000y\000\040\000q\000u\000y\036\277\000t\000\040\001\021\036\313\000n\000h}{}% 20
\BOOKMARK [1][-]{section*.6}{\376\377\000T\000\340\000i\000\040\000l\000i\036\307\000u\000\040\000t\000h\000a\000m\000\040\000k\000h\036\243\000o}{}% 21
